[2025-02-22 22:21:42,557] INFO Reading configuration from: config/zookeeper.properties (org.apache.zookeeper.server.quorum.QuorumPeerConfig)
[2025-02-22 22:21:42,559] WARN config/zookeeper.properties is relative. Prepend ./ to indicate that you're sure! (org.apache.zookeeper.server.quorum.QuorumPeerConfig)
[2025-02-22 22:21:42,564] INFO clientPortAddress is 0.0.0.0:2181 (org.apache.zookeeper.server.quorum.QuorumPeerConfig)
[2025-02-22 22:21:42,564] INFO secureClientPort is not set (org.apache.zookeeper.server.quorum.QuorumPeerConfig)
[2025-02-22 22:21:42,564] INFO observerMasterPort is not set (org.apache.zookeeper.server.quorum.QuorumPeerConfig)
[2025-02-22 22:21:42,564] INFO metricsProvider.className is org.apache.zookeeper.metrics.impl.DefaultMetricsProvider (org.apache.zookeeper.server.quorum.QuorumPeerConfig)
[2025-02-22 22:21:42,566] INFO autopurge.snapRetainCount set to 3 (org.apache.zookeeper.server.DatadirCleanupManager)
[2025-02-22 22:21:42,566] INFO autopurge.purgeInterval set to 0 (org.apache.zookeeper.server.DatadirCleanupManager)
[2025-02-22 22:21:42,566] INFO Purge task is not scheduled. (org.apache.zookeeper.server.DatadirCleanupManager)
[2025-02-22 22:21:42,566] WARN Either no config or no quorum defined in config, running in standalone mode (org.apache.zookeeper.server.quorum.QuorumPeerMain)
[2025-02-22 22:21:42,568] INFO Log4j 1.2 jmx support not found; jmx disabled. (org.apache.zookeeper.jmx.ManagedUtil)
[2025-02-22 22:21:42,568] INFO Reading configuration from: config/zookeeper.properties (org.apache.zookeeper.server.quorum.QuorumPeerConfig)
[2025-02-22 22:21:42,568] WARN config/zookeeper.properties is relative. Prepend ./ to indicate that you're sure! (org.apache.zookeeper.server.quorum.QuorumPeerConfig)
[2025-02-22 22:21:42,569] INFO clientPortAddress is 0.0.0.0:2181 (org.apache.zookeeper.server.quorum.QuorumPeerConfig)
[2025-02-22 22:21:42,569] INFO secureClientPort is not set (org.apache.zookeeper.server.quorum.QuorumPeerConfig)
[2025-02-22 22:21:42,569] INFO observerMasterPort is not set (org.apache.zookeeper.server.quorum.QuorumPeerConfig)
[2025-02-22 22:21:42,569] INFO metricsProvider.className is org.apache.zookeeper.metrics.impl.DefaultMetricsProvider (org.apache.zookeeper.server.quorum.QuorumPeerConfig)
[2025-02-22 22:21:42,569] INFO Starting server (org.apache.zookeeper.server.ZooKeeperServerMain)
[2025-02-22 22:21:42,582] INFO ServerMetrics initialized with provider org.apache.zookeeper.metrics.impl.DefaultMetricsProvider@34f5090e (org.apache.zookeeper.server.ServerMetrics)
[2025-02-22 22:21:42,585] INFO ACL digest algorithm is: SHA1 (org.apache.zookeeper.server.auth.DigestAuthenticationProvider)
[2025-02-22 22:21:42,585] INFO zookeeper.DigestAuthenticationProvider.enabled = true (org.apache.zookeeper.server.auth.DigestAuthenticationProvider)
[2025-02-22 22:21:42,637] INFO zookeeper.snapshot.trust.empty : false (org.apache.zookeeper.server.persistence.FileTxnSnapLog)
[2025-02-22 22:21:42,648] INFO  (org.apache.zookeeper.server.ZooKeeperServer)
[2025-02-22 22:21:42,648] INFO   ______                  _                                           (org.apache.zookeeper.server.ZooKeeperServer)
[2025-02-22 22:21:42,648] INFO  |___  /                 | |                                          (org.apache.zookeeper.server.ZooKeeperServer)
[2025-02-22 22:21:42,648] INFO     / /    ___     ___   | | __   ___    ___   _ __     ___   _ __    (org.apache.zookeeper.server.ZooKeeperServer)
[2025-02-22 22:21:42,648] INFO    / /    / _ \   / _ \  | |/ /  / _ \  / _ \ | '_ \   / _ \ | '__| (org.apache.zookeeper.server.ZooKeeperServer)
[2025-02-22 22:21:42,648] INFO   / /__  | (_) | | (_) | |   <  |  __/ |  __/ | |_) | |  __/ | |     (org.apache.zookeeper.server.ZooKeeperServer)
[2025-02-22 22:21:42,648] INFO  /_____|  \___/   \___/  |_|\_\  \___|  \___| | .__/   \___| |_| (org.apache.zookeeper.server.ZooKeeperServer)
[2025-02-22 22:21:42,648] INFO                                               | |                      (org.apache.zookeeper.server.ZooKeeperServer)
[2025-02-22 22:21:42,648] INFO                                               |_|                      (org.apache.zookeeper.server.ZooKeeperServer)
[2025-02-22 22:21:42,648] INFO  (org.apache.zookeeper.server.ZooKeeperServer)
[2025-02-22 22:21:42,650] INFO Server environment:zookeeper.version=3.8.4-9316c2a7a97e1666d8f4593f34dd6fc36ecc436c, built on 2024-02-12 22:16 UTC (org.apache.zookeeper.server.ZooKeeperServer)
[2025-02-22 22:21:42,650] INFO Server environment:host.name=052a1d267d47 (org.apache.zookeeper.server.ZooKeeperServer)
[2025-02-22 22:21:42,650] INFO Server environment:java.version=11.0.26 (org.apache.zookeeper.server.ZooKeeperServer)
[2025-02-22 22:21:42,650] INFO Server environment:java.vendor=Azul Systems, Inc. (org.apache.zookeeper.server.ZooKeeperServer)
[2025-02-22 22:21:42,650] INFO Server environment:java.home=/home/gitpod/.sdkman/candidates/java/11.0.26.fx-zulu (org.apache.zookeeper.server.ZooKeeperServer)
[2025-02-22 22:21:42,650] INFO Server environment:java.class.path=/workspace/kafka_project_1/kafka/kafka_2.13-3.7.2/bin/../libs/activation-1.1.1.jar:/workspace/kafka_project_1/kafka/kafka_2.13-3.7.2/bin/../libs/aopalliance-repackaged-2.6.1.jar:/workspace/kafka_project_1/kafka/kafka_2.13-3.7.2/bin/../libs/argparse4j-0.7.0.jar:/workspace/kafka_project_1/kafka/kafka_2.13-3.7.2/bin/../libs/audience-annotations-0.12.0.jar:/workspace/kafka_project_1/kafka/kafka_2.13-3.7.2/bin/../libs/caffeine-2.9.3.jar:/workspace/kafka_project_1/kafka/kafka_2.13-3.7.2/bin/../libs/checker-qual-3.19.0.jar:/workspace/kafka_project_1/kafka/kafka_2.13-3.7.2/bin/../libs/commons-beanutils-1.9.4.jar:/workspace/kafka_project_1/kafka/kafka_2.13-3.7.2/bin/../libs/commons-cli-1.4.jar:/workspace/kafka_project_1/kafka/kafka_2.13-3.7.2/bin/../libs/commons-collections-3.2.2.jar:/workspace/kafka_project_1/kafka/kafka_2.13-3.7.2/bin/../libs/commons-digester-2.1.jar:/workspace/kafka_project_1/kafka/kafka_2.13-3.7.2/bin/../libs/commons-io-2.14.0.jar:/workspace/kafka_project_1/kafka/kafka_2.13-3.7.2/bin/../libs/commons-lang3-3.8.1.jar:/workspace/kafka_project_1/kafka/kafka_2.13-3.7.2/bin/../libs/commons-logging-1.2.jar:/workspace/kafka_project_1/kafka/kafka_2.13-3.7.2/bin/../libs/commons-validator-1.7.jar:/workspace/kafka_project_1/kafka/kafka_2.13-3.7.2/bin/../libs/connect-api-3.7.2.jar:/workspace/kafka_project_1/kafka/kafka_2.13-3.7.2/bin/../libs/connect-basic-auth-extension-3.7.2.jar:/workspace/kafka_project_1/kafka/kafka_2.13-3.7.2/bin/../libs/connect-json-3.7.2.jar:/workspace/kafka_project_1/kafka/kafka_2.13-3.7.2/bin/../libs/connect-mirror-3.7.2.jar:/workspace/kafka_project_1/kafka/kafka_2.13-3.7.2/bin/../libs/connect-mirror-client-3.7.2.jar:/workspace/kafka_project_1/kafka/kafka_2.13-3.7.2/bin/../libs/connect-runtime-3.7.2.jar:/workspace/kafka_project_1/kafka/kafka_2.13-3.7.2/bin/../libs/connect-transforms-3.7.2.jar:/workspace/kafka_project_1/kafka/kafka_2.13-3.7.2/bin/../libs/error_prone_annotations-2.10.0.jar:/workspace/kafka_project_1/kafka/kafka_2.13-3.7.2/bin/../libs/hk2-api-2.6.1.jar:/workspace/kafka_project_1/kafka/kafka_2.13-3.7.2/bin/../libs/hk2-locator-2.6.1.jar:/workspace/kafka_project_1/kafka/kafka_2.13-3.7.2/bin/../libs/hk2-utils-2.6.1.jar:/workspace/kafka_project_1/kafka/kafka_2.13-3.7.2/bin/../libs/jackson-annotations-2.16.2.jar:/workspace/kafka_project_1/kafka/kafka_2.13-3.7.2/bin/../libs/jackson-core-2.16.2.jar:/workspace/kafka_project_1/kafka/kafka_2.13-3.7.2/bin/../libs/jackson-databind-2.16.2.jar:/workspace/kafka_project_1/kafka/kafka_2.13-3.7.2/bin/../libs/jackson-dataformat-csv-2.16.2.jar:/workspace/kafka_project_1/kafka/kafka_2.13-3.7.2/bin/../libs/jackson-datatype-jdk8-2.16.2.jar:/workspace/kafka_project_1/kafka/kafka_2.13-3.7.2/bin/../libs/jackson-jaxrs-base-2.16.2.jar:/workspace/kafka_project_1/kafka/kafka_2.13-3.7.2/bin/../libs/jackson-jaxrs-json-provider-2.16.2.jar:/workspace/kafka_project_1/kafka/kafka_2.13-3.7.2/bin/../libs/jackson-module-jaxb-annotations-2.16.2.jar:/workspace/kafka_project_1/kafka/kafka_2.13-3.7.2/bin/../libs/jackson-module-scala_2.13-2.16.2.jar:/workspace/kafka_project_1/kafka/kafka_2.13-3.7.2/bin/../libs/jakarta.activation-api-1.2.2.jar:/workspace/kafka_project_1/kafka/kafka_2.13-3.7.2/bin/../libs/jakarta.annotation-api-1.3.5.jar:/workspace/kafka_project_1/kafka/kafka_2.13-3.7.2/bin/../libs/jakarta.inject-2.6.1.jar:/workspace/kafka_project_1/kafka/kafka_2.13-3.7.2/bin/../libs/jakarta.validation-api-2.0.2.jar:/workspace/kafka_project_1/kafka/kafka_2.13-3.7.2/bin/../libs/jakarta.ws.rs-api-2.1.6.jar:/workspace/kafka_project_1/kafka/kafka_2.13-3.7.2/bin/../libs/jakarta.xml.bind-api-2.3.3.jar:/workspace/kafka_project_1/kafka/kafka_2.13-3.7.2/bin/../libs/javassist-3.29.2-GA.jar:/workspace/kafka_project_1/kafka/kafka_2.13-3.7.2/bin/../libs/javax.activation-api-1.2.0.jar:/workspace/kafka_project_1/kafka/kafka_2.13-3.7.2/bin/../libs/javax.annotation-api-1.3.2.jar:/workspace/kafka_project_1/kafka/kafka_2.13-3.7.2/bin/../libs/javax.servlet-api-3.1.0.jar:/workspace/kafka_project_1/kafka/kafka_2.13-3.7.2/bin/../libs/javax.ws.rs-api-2.1.1.jar:/workspace/kafka_project_1/kafka/kafka_2.13-3.7.2/bin/../libs/jaxb-api-2.3.1.jar:/workspace/kafka_project_1/kafka/kafka_2.13-3.7.2/bin/../libs/jersey-client-2.39.1.jar:/workspace/kafka_project_1/kafka/kafka_2.13-3.7.2/bin/../libs/jersey-common-2.39.1.jar:/workspace/kafka_project_1/kafka/kafka_2.13-3.7.2/bin/../libs/jersey-container-servlet-2.39.1.jar:/workspace/kafka_project_1/kafka/kafka_2.13-3.7.2/bin/../libs/jersey-container-servlet-core-2.39.1.jar:/workspace/kafka_project_1/kafka/kafka_2.13-3.7.2/bin/../libs/jersey-hk2-2.39.1.jar:/workspace/kafka_project_1/kafka/kafka_2.13-3.7.2/bin/../libs/jersey-server-2.39.1.jar:/workspace/kafka_project_1/kafka/kafka_2.13-3.7.2/bin/../libs/jetty-client-9.4.56.v20240826.jar:/workspace/kafka_project_1/kafka/kafka_2.13-3.7.2/bin/../libs/jetty-continuation-9.4.56.v20240826.jar:/workspace/kafka_project_1/kafka/kafka_2.13-3.7.2/bin/../libs/jetty-http-9.4.56.v20240826.jar:/workspace/kafka_project_1/kafka/kafka_2.13-3.7.2/bin/../libs/jetty-io-9.4.56.v20240826.jar:/workspace/kafka_project_1/kafka/kafka_2.13-3.7.2/bin/../libs/jetty-security-9.4.56.v20240826.jar:/workspace/kafka_project_1/kafka/kafka_2.13-3.7.2/bin/../libs/jetty-server-9.4.56.v20240826.jar:/workspace/kafka_project_1/kafka/kafka_2.13-3.7.2/bin/../libs/jetty-servlet-9.4.56.v20240826.jar:/workspace/kafka_project_1/kafka/kafka_2.13-3.7.2/bin/../libs/jetty-servlets-9.4.56.v20240826.jar:/workspace/kafka_project_1/kafka/kafka_2.13-3.7.2/bin/../libs/jetty-util-9.4.56.v20240826.jar:/workspace/kafka_project_1/kafka/kafka_2.13-3.7.2/bin/../libs/jetty-util-ajax-9.4.56.v20240826.jar:/workspace/kafka_project_1/kafka/kafka_2.13-3.7.2/bin/../libs/jline-3.25.1.jar:/workspace/kafka_project_1/kafka/kafka_2.13-3.7.2/bin/../libs/jopt-simple-5.0.4.jar:/workspace/kafka_project_1/kafka/kafka_2.13-3.7.2/bin/../libs/jose4j-0.9.4.jar:/workspace/kafka_project_1/kafka/kafka_2.13-3.7.2/bin/../libs/jsr305-3.0.2.jar:/workspace/kafka_project_1/kafka/kafka_2.13-3.7.2/bin/../libs/kafka_2.13-3.7.2.jar:/workspace/kafka_project_1/kafka/kafka_2.13-3.7.2/bin/../libs/kafka-clients-3.7.2.jar:/workspace/kafka_project_1/kafka/kafka_2.13-3.7.2/bin/../libs/kafka-group-coordinator-3.7.2.jar:/workspace/kafka_project_1/kafka/kafka_2.13-3.7.2/bin/../libs/kafka-log4j-appender-3.7.2.jar:/workspace/kafka_project_1/kafka/kafka_2.13-3.7.2/bin/../libs/kafka-metadata-3.7.2.jar:/workspace/kafka_project_1/kafka/kafka_2.13-3.7.2/bin/../libs/kafka-raft-3.7.2.jar:/workspace/kafka_project_1/kafka/kafka_2.13-3.7.2/bin/../libs/kafka-server-3.7.2.jar:/workspace/kafka_project_1/kafka/kafka_2.13-3.7.2/bin/../libs/kafka-server-common-3.7.2.jar:/workspace/kafka_project_1/kafka/kafka_2.13-3.7.2/bin/../libs/kafka-shell-3.7.2.jar:/workspace/kafka_project_1/kafka/kafka_2.13-3.7.2/bin/../libs/kafka-storage-3.7.2.jar:/workspace/kafka_project_1/kafka/kafka_2.13-3.7.2/bin/../libs/kafka-storage-api-3.7.2.jar:/workspace/kafka_project_1/kafka/kafka_2.13-3.7.2/bin/../libs/kafka-streams-3.7.2.jar:/workspace/kafka_project_1/kafka/kafka_2.13-3.7.2/bin/../libs/kafka-streams-examples-3.7.2.jar:/workspace/kafka_project_1/kafka/kafka_2.13-3.7.2/bin/../libs/kafka-streams-scala_2.13-3.7.2.jar:/workspace/kafka_project_1/kafka/kafka_2.13-3.7.2/bin/../libs/kafka-streams-test-utils-3.7.2.jar:/workspace/kafka_project_1/kafka/kafka_2.13-3.7.2/bin/../libs/kafka-tools-3.7.2.jar:/workspace/kafka_project_1/kafka/kafka_2.13-3.7.2/bin/../libs/kafka-tools-api-3.7.2.jar:/workspace/kafka_project_1/kafka/kafka_2.13-3.7.2/bin/../libs/lz4-java-1.8.0.jar:/workspace/kafka_project_1/kafka/kafka_2.13-3.7.2/bin/../libs/maven-artifact-3.8.8.jar:/workspace/kafka_project_1/kafka/kafka_2.13-3.7.2/bin/../libs/metrics-core-2.2.0.jar:/workspace/kafka_project_1/kafka/kafka_2.13-3.7.2/bin/../libs/metrics-core-4.1.12.1.jar:/workspace/kafka_project_1/kafka/kafka_2.13-3.7.2/bin/../libs/netty-buffer-4.1.115.Final.jar:/workspace/kafka_project_1/kafka/kafka_2.13-3.7.2/bin/../libs/netty-codec-4.1.115.Final.jar:/workspace/kafka_project_1/kafka/kafka_2.13-3.7.2/bin/../libs/netty-common-4.1.115.Final.jar:/workspace/kafka_project_1/kafka/kafka_2.13-3.7.2/bin/../libs/netty-handler-4.1.115.Final.jar:/workspace/kafka_project_1/kafka/kafka_2.13-3.7.2/bin/../libs/netty-resolver-4.1.115.Final.jar:/workspace/kafka_project_1/kafka/kafka_2.13-3.7.2/bin/../libs/netty-transport-4.1.115.Final.jar:/workspace/kafka_project_1/kafka/kafka_2.13-3.7.2/bin/../libs/netty-transport-classes-epoll-4.1.115.Final.jar:/workspace/kafka_project_1/kafka/kafka_2.13-3.7.2/bin/../libs/netty-transport-native-epoll-4.1.115.Final.jar:/workspace/kafka_project_1/kafka/kafka_2.13-3.7.2/bin/../libs/netty-transport-native-unix-common-4.1.115.Final.jar:/workspace/kafka_project_1/kafka/kafka_2.13-3.7.2/bin/../libs/opentelemetry-proto-1.0.0-alpha.jar:/workspace/kafka_project_1/kafka/kafka_2.13-3.7.2/bin/../libs/osgi-resource-locator-1.0.3.jar:/workspace/kafka_project_1/kafka/kafka_2.13-3.7.2/bin/../libs/paranamer-2.8.jar:/workspace/kafka_project_1/kafka/kafka_2.13-3.7.2/bin/../libs/pcollections-4.0.1.jar:/workspace/kafka_project_1/kafka/kafka_2.13-3.7.2/bin/../libs/plexus-utils-3.3.1.jar:/workspace/kafka_project_1/kafka/kafka_2.13-3.7.2/bin/../libs/protobuf-java-3.25.5.jar:/workspace/kafka_project_1/kafka/kafka_2.13-3.7.2/bin/../libs/reflections-0.10.2.jar:/workspace/kafka_project_1/kafka/kafka_2.13-3.7.2/bin/../libs/reload4j-1.2.25.jar:/workspace/kafka_project_1/kafka/kafka_2.13-3.7.2/bin/../libs/rocksdbjni-7.9.2.jar:/workspace/kafka_project_1/kafka/kafka_2.13-3.7.2/bin/../libs/scala-collection-compat_2.13-2.10.0.jar:/workspace/kafka_project_1/kafka/kafka_2.13-3.7.2/bin/../libs/scala-java8-compat_2.13-1.0.2.jar:/workspace/kafka_project_1/kafka/kafka_2.13-3.7.2/bin/../libs/scala-library-2.13.12.jar:/workspace/kafka_project_1/kafka/kafka_2.13-3.7.2/bin/../libs/scala-logging_2.13-3.9.4.jar:/workspace/kafka_project_1/kafka/kafka_2.13-3.7.2/bin/../libs/scala-reflect-2.13.12.jar:/workspace/kafka_project_1/kafka/kafka_2.13-3.7.2/bin/../libs/slf4j-api-1.7.36.jar:/workspace/kafka_project_1/kafka/kafka_2.13-3.7.2/bin/../libs/slf4j-reload4j-1.7.36.jar:/workspace/kafka_project_1/kafka/kafka_2.13-3.7.2/bin/../libs/snappy-java-1.1.10.5.jar:/workspace/kafka_project_1/kafka/kafka_2.13-3.7.2/bin/../libs/swagger-annotations-2.2.8.jar:/workspace/kafka_project_1/kafka/kafka_2.13-3.7.2/bin/../libs/trogdor-3.7.2.jar:/workspace/kafka_project_1/kafka/kafka_2.13-3.7.2/bin/../libs/zookeeper-3.8.4.jar:/workspace/kafka_project_1/kafka/kafka_2.13-3.7.2/bin/../libs/zookeeper-jute-3.8.4.jar:/workspace/kafka_project_1/kafka/kafka_2.13-3.7.2/bin/../libs/zstd-jni-1.5.6-4.jar (org.apache.zookeeper.server.ZooKeeperServer)
[2025-02-22 22:21:42,664] INFO Server environment:java.library.path=/usr/java/packages/lib:/usr/lib64:/lib64:/lib:/usr/lib (org.apache.zookeeper.server.ZooKeeperServer)
[2025-02-22 22:21:42,665] INFO Server environment:java.io.tmpdir=/tmp (org.apache.zookeeper.server.ZooKeeperServer)
[2025-02-22 22:21:42,665] INFO Server environment:java.compiler=<NA> (org.apache.zookeeper.server.ZooKeeperServer)
[2025-02-22 22:21:42,665] INFO Server environment:os.name=Linux (org.apache.zookeeper.server.ZooKeeperServer)
[2025-02-22 22:21:42,665] INFO Server environment:os.arch=amd64 (org.apache.zookeeper.server.ZooKeeperServer)
[2025-02-22 22:21:42,665] INFO Server environment:os.version=6.1.91-060191-generic (org.apache.zookeeper.server.ZooKeeperServer)
[2025-02-22 22:21:42,665] INFO Server environment:user.name=gitpod (org.apache.zookeeper.server.ZooKeeperServer)
[2025-02-22 22:21:42,665] INFO Server environment:user.home=/home/gitpod (org.apache.zookeeper.server.ZooKeeperServer)
[2025-02-22 22:21:42,665] INFO Server environment:user.dir=/workspace/kafka_project_1/kafka/kafka_2.13-3.7.2 (org.apache.zookeeper.server.ZooKeeperServer)
[2025-02-22 22:21:42,665] INFO Server environment:os.memory.free=487MB (org.apache.zookeeper.server.ZooKeeperServer)
[2025-02-22 22:21:42,665] INFO Server environment:os.memory.max=512MB (org.apache.zookeeper.server.ZooKeeperServer)
[2025-02-22 22:21:42,665] INFO Server environment:os.memory.total=512MB (org.apache.zookeeper.server.ZooKeeperServer)
[2025-02-22 22:21:42,665] INFO zookeeper.enableEagerACLCheck = false (org.apache.zookeeper.server.ZooKeeperServer)
[2025-02-22 22:21:42,666] INFO zookeeper.digest.enabled = true (org.apache.zookeeper.server.ZooKeeperServer)
[2025-02-22 22:21:42,666] INFO zookeeper.closeSessionTxn.enabled = true (org.apache.zookeeper.server.ZooKeeperServer)
[2025-02-22 22:21:42,666] INFO zookeeper.flushDelay = 0 ms (org.apache.zookeeper.server.ZooKeeperServer)
[2025-02-22 22:21:42,666] INFO zookeeper.maxWriteQueuePollTime = 0 ms (org.apache.zookeeper.server.ZooKeeperServer)
[2025-02-22 22:21:42,666] INFO zookeeper.maxBatchSize=1000 (org.apache.zookeeper.server.ZooKeeperServer)
[2025-02-22 22:21:42,666] INFO zookeeper.intBufferStartingSizeBytes = 1024 (org.apache.zookeeper.server.ZooKeeperServer)
[2025-02-22 22:21:42,667] INFO Weighed connection throttling is disabled (org.apache.zookeeper.server.BlueThrottle)
[2025-02-22 22:21:42,669] INFO minSessionTimeout set to 6000 ms (org.apache.zookeeper.server.ZooKeeperServer)
[2025-02-22 22:21:42,669] INFO maxSessionTimeout set to 60000 ms (org.apache.zookeeper.server.ZooKeeperServer)
[2025-02-22 22:21:42,670] INFO getData response cache size is initialized with value 400. (org.apache.zookeeper.server.ResponseCache)
[2025-02-22 22:21:42,670] INFO getChildren response cache size is initialized with value 400. (org.apache.zookeeper.server.ResponseCache)
[2025-02-22 22:21:42,671] INFO zookeeper.pathStats.slotCapacity = 60 (org.apache.zookeeper.server.util.RequestPathMetricsCollector)
[2025-02-22 22:21:42,671] INFO zookeeper.pathStats.slotDuration = 15 (org.apache.zookeeper.server.util.RequestPathMetricsCollector)
[2025-02-22 22:21:42,671] INFO zookeeper.pathStats.maxDepth = 6 (org.apache.zookeeper.server.util.RequestPathMetricsCollector)
[2025-02-22 22:21:42,671] INFO zookeeper.pathStats.initialDelay = 5 (org.apache.zookeeper.server.util.RequestPathMetricsCollector)
[2025-02-22 22:21:42,671] INFO zookeeper.pathStats.delay = 5 (org.apache.zookeeper.server.util.RequestPathMetricsCollector)
[2025-02-22 22:21:42,671] INFO zookeeper.pathStats.enabled = false (org.apache.zookeeper.server.util.RequestPathMetricsCollector)
[2025-02-22 22:21:42,674] INFO The max bytes for all large requests are set to 104857600 (org.apache.zookeeper.server.ZooKeeperServer)
[2025-02-22 22:21:42,674] INFO The large request threshold is set to -1 (org.apache.zookeeper.server.ZooKeeperServer)
[2025-02-22 22:21:42,675] INFO zookeeper.enforce.auth.enabled = false (org.apache.zookeeper.server.AuthenticationHelper)
[2025-02-22 22:21:42,675] INFO zookeeper.enforce.auth.schemes = [] (org.apache.zookeeper.server.AuthenticationHelper)
[2025-02-22 22:21:42,675] INFO Created server with tickTime 3000 ms minSessionTimeout 6000 ms maxSessionTimeout 60000 ms clientPortListenBacklog -1 datadir /tmp/zookeeper/version-2 snapdir /tmp/zookeeper/version-2 (org.apache.zookeeper.server.ZooKeeperServer)
[2025-02-22 22:21:42,681] INFO Using org.apache.zookeeper.server.NIOServerCnxnFactory as server connection factory (org.apache.zookeeper.server.ServerCnxnFactory)
[2025-02-22 22:21:42,682] WARN maxCnxns is not configured, using default value 0. (org.apache.zookeeper.server.ServerCnxnFactory)
[2025-02-22 22:21:42,684] INFO Configuring NIO connection handler with 10s sessionless connection timeout, 1 selector thread(s), 2 worker threads, and 64 kB direct buffers. (org.apache.zookeeper.server.NIOServerCnxnFactory)
[2025-02-22 22:21:42,689] INFO binding to port 0.0.0.0/0.0.0.0:2181 (org.apache.zookeeper.server.NIOServerCnxnFactory)
[2025-02-22 22:21:42,747] INFO Using org.apache.zookeeper.server.watch.WatchManager as watch manager (org.apache.zookeeper.server.watch.WatchManagerFactory)
[2025-02-22 22:21:42,747] INFO Using org.apache.zookeeper.server.watch.WatchManager as watch manager (org.apache.zookeeper.server.watch.WatchManagerFactory)
[2025-02-22 22:21:42,748] INFO zookeeper.snapshotSizeFactor = 0.33 (org.apache.zookeeper.server.ZKDatabase)
[2025-02-22 22:21:42,748] INFO zookeeper.commitLogCount=500 (org.apache.zookeeper.server.ZKDatabase)
[2025-02-22 22:21:42,754] INFO zookeeper.snapshot.compression.method = CHECKED (org.apache.zookeeper.server.persistence.SnapStream)
[2025-02-22 22:21:42,754] INFO Snapshotting: 0x0 to /tmp/zookeeper/version-2/snapshot.0 (org.apache.zookeeper.server.persistence.FileTxnSnapLog)
[2025-02-22 22:21:42,757] INFO Snapshot loaded in 8 ms, highest zxid is 0x0, digest is 1371985504 (org.apache.zookeeper.server.ZKDatabase)
[2025-02-22 22:21:42,758] INFO Snapshotting: 0x0 to /tmp/zookeeper/version-2/snapshot.0 (org.apache.zookeeper.server.persistence.FileTxnSnapLog)
[2025-02-22 22:21:42,758] INFO Snapshot taken in 1 ms (org.apache.zookeeper.server.ZooKeeperServer)
[2025-02-22 22:21:42,768] INFO zookeeper.request_throttler.shutdownTimeout = 10000 ms (org.apache.zookeeper.server.RequestThrottler)
[2025-02-22 22:21:42,769] INFO PrepRequestProcessor (sid:0) started, reconfigEnabled=false (org.apache.zookeeper.server.PrepRequestProcessor)
[2025-02-22 22:21:42,784] INFO Using checkIntervalMs=60000 maxPerMinute=10000 maxNeverUsedIntervalMs=0 (org.apache.zookeeper.server.ContainerManager)
[2025-02-22 22:21:42,785] INFO ZooKeeper audit is disabled. (org.apache.zookeeper.audit.ZKAuditProvider)
[2025-02-22 22:21:46,938] INFO Registered kafka:type=kafka.Log4jController MBean (kafka.utils.Log4jControllerRegistration$)
[2025-02-22 22:21:47,267] INFO Setting -D jdk.tls.rejectClientInitiatedRenegotiation=true to disable client-initiated TLS renegotiation (org.apache.zookeeper.common.X509Util)
[2025-02-22 22:21:47,312] ERROR Exiting Kafka due to fatal exception (kafka.Kafka$)
java.lang.IllegalArgumentException: Error creating broker listeners from 'PLAINTEXT://': Unable to parse PLAINTEXT:// to a broker endpoint
	at kafka.utils.CoreUtils$.listenerListToEndPoints(CoreUtils.scala:243)
	at kafka.server.KafkaConfig.effectiveAdvertisedListeners(KafkaConfig.scala:2211)
	at kafka.server.KafkaConfig.validateValues(KafkaConfig.scala:2332)
	at kafka.server.KafkaConfig.<init>(KafkaConfig.scala:2290)
	at kafka.server.KafkaConfig.<init>(KafkaConfig.scala:1639)
	at kafka.Kafka$.buildServer(Kafka.scala:71)
	at kafka.Kafka$.main(Kafka.scala:90)
	at kafka.Kafka.main(Kafka.scala)
Caused by: org.apache.kafka.common.KafkaException: Unable to parse PLAINTEXT:// to a broker endpoint
	at kafka.cluster.EndPoint$.createEndPoint(EndPoint.scala:58)
	at kafka.utils.CoreUtils$.$anonfun$listenerListToEndPoints$10(CoreUtils.scala:240)
	at scala.collection.StrictOptimizedIterableOps.map(StrictOptimizedIterableOps.scala:100)
	at scala.collection.StrictOptimizedIterableOps.map$(StrictOptimizedIterableOps.scala:87)
	at scala.collection.mutable.ArraySeq.map(ArraySeq.scala:35)
	at kafka.utils.CoreUtils$.listenerListToEndPoints(CoreUtils.scala:240)
	... 7 more
[2025-02-22 22:22:02,102] INFO Registered kafka:type=kafka.Log4jController MBean (kafka.utils.Log4jControllerRegistration$)
[2025-02-22 22:22:02,419] INFO Setting -D jdk.tls.rejectClientInitiatedRenegotiation=true to disable client-initiated TLS renegotiation (org.apache.zookeeper.common.X509Util)
[2025-02-22 22:22:02,454] ERROR Exiting Kafka due to fatal exception (kafka.Kafka$)
java.lang.IllegalArgumentException: Error creating broker listeners from 'PLAINTEXT://': Unable to parse PLAINTEXT:// to a broker endpoint
	at kafka.utils.CoreUtils$.listenerListToEndPoints(CoreUtils.scala:243)
	at kafka.server.KafkaConfig.effectiveAdvertisedListeners(KafkaConfig.scala:2211)
	at kafka.server.KafkaConfig.validateValues(KafkaConfig.scala:2332)
	at kafka.server.KafkaConfig.<init>(KafkaConfig.scala:2290)
	at kafka.server.KafkaConfig.<init>(KafkaConfig.scala:1639)
	at kafka.Kafka$.buildServer(Kafka.scala:71)
	at kafka.Kafka$.main(Kafka.scala:90)
	at kafka.Kafka.main(Kafka.scala)
Caused by: org.apache.kafka.common.KafkaException: Unable to parse PLAINTEXT:// to a broker endpoint
	at kafka.cluster.EndPoint$.createEndPoint(EndPoint.scala:58)
	at kafka.utils.CoreUtils$.$anonfun$listenerListToEndPoints$10(CoreUtils.scala:240)
	at scala.collection.StrictOptimizedIterableOps.map(StrictOptimizedIterableOps.scala:100)
	at scala.collection.StrictOptimizedIterableOps.map$(StrictOptimizedIterableOps.scala:87)
	at scala.collection.mutable.ArraySeq.map(ArraySeq.scala:35)
	at kafka.utils.CoreUtils$.listenerListToEndPoints(CoreUtils.scala:240)
	... 7 more
